%% ArduCopter.cpp
%% ArduCopter.o
In file included from /home/ubuntu/apm/ardupilot-mega/ArduCopter/ArduCopter.pde:111:0:
/home/ubuntu/apm/ardupilot-mega/ArduCopter/config.h:45:2: error: #error CONFIG_APM_HARDWARE option is deprecated! use CONFIG_HAL_BOARD instead
autogenerated:57:18: warning: 'int16_t get_heli_rate_roll(int32_t)' declared 'static' but never defined [-Wunused-function]
autogenerated:58:18: warning: 'int16_t get_heli_rate_pitch(int32_t)' declared 'static' but never defined [-Wunused-function]
autogenerated:59:18: warning: 'int16_t get_heli_rate_yaw(int32_t)' declared 'static' but never defined [-Wunused-function]
/home/ubuntu/apm/ardupilot-mega/ArduCopter/GCS_Mavlink.pde:28:13: warning: 'void gcs_check_delay()' defined but not used [-Wunused-function]
autogenerated:100:23: warning: 'void send_simstate(mavlink_channel_t)' declared 'static' but never defined [-Wunused-function]
/home/ubuntu/apm/ardupilot-mega/ArduCopter/Log.pde:994:13: warning: 'void Log_Write_Data(uint8_t, uint32_t)' defined but not used [-Wunused-function]
/home/ubuntu/apm/ardupilot-mega/ArduCopter/Log.pde:1021:13: warning: 'void Log_Write_Data(uint8_t, float)' defined but not used [-Wunused-function]
/home/ubuntu/apm/ardupilot-mega/ArduCopter/Log.pde:1096:13: warning: 'void Log_Write_DMP()' defined but not used [-Wunused-function]
/home/ubuntu/apm/ardupilot-mega/ArduCopter/sensors.pde:6:13: warning: 'void ReadSCP1000()' defined but not used [-Wunused-function]
/home/ubuntu/apm/ardupilot-mega/ArduCopter/setup.pde:275:13: warning: 'void setup_wait_key()' defined but not used [-Wunused-function]
autogenerated:356:14: warning: 'void report_heli()' declared 'static' but never defined [-Wunused-function]
autogenerated:357:15: warning: 'void report_gyro()' declared 'static' but never defined [-Wunused-function]
autogenerated:364:23: warning: 'RC_Channel* heli_get_servo(int16_t)' declared 'static' but never defined [-Wunused-function]
autogenerated:365:17: warning: 'int16_t read_num_from_serial()' declared 'static' but never defined [-Wunused-function]
autogenerated:378:14: warning: 'bool check_startup_for_CLI()' declared 'static' but never defined [-Wunused-function]
/home/ubuntu/apm/ardupilot-mega/ArduCopter/test.pde:1087:13: warning: 'void print_test_disabled()' defined but not used [-Wunused-function]
/home/ubuntu/apm/ardupilot-mega/ArduCopter/ArduCopter.pde:648:16: warning: 'climb_rate_actual' defined but not used [-Wunused-variable]
/home/ubuntu/apm/ardupilot-mega/ArduCopter/ArduCopter.pde:650:16: warning: 'climb_rate_error' defined but not used [-Wunused-variable]
/home/ubuntu/apm/ardupilot-mega/ArduCopter/setup.pde:267:13: warning: 'void setup_printf_P(const prog_char_t*, ...)' defined but not used [-Wunused-function]
/home/ubuntu/apm/ardupilot-mega/ArduCopter/test.pde:36:17: warning: 'int8_t test_rawgps(uint8_t, const Menu::arg*)' declared 'static' but never defined [-Wunused-function]
make: *** [/tmp/ArduCopter.build/ArduCopter.o] Error 1
