%% ArduPlane.cpp
%% ArduPlane.o
In file included from /home/ubuntu/apm/ardupilot-mega/ArduPlane/ArduPlane.pde:64:0:
/home/ubuntu/apm/ardupilot-mega/ArduPlane/config.h:54:2: error: #error CONFIG_APM_HARDWARE option is depreated! use CONFIG_HAL_BOARD instead.
/home/ubuntu/apm/ardupilot-mega/ArduPlane/sensors.pde:21:16: warning: 'int32_t read_barometer()' defined but not used [-Wunused-function]
/home/ubuntu/apm/ardupilot-mega/ArduPlane/sensors.pde:28:13: warning: 'void read_airspeed()' defined but not used [-Wunused-function]
/home/ubuntu/apm/ardupilot-mega/ArduPlane/test.pde:11:17: warning: 'int8_t test_gps(uint8_t, const Menu::arg*)' declared 'static' but never defined [-Wunused-function]
/home/ubuntu/apm/ardupilot-mega/ArduPlane/test.pde:15:17: warning: 'int8_t test_ins(uint8_t, const Menu::arg*)' declared 'static' but never defined [-Wunused-function]
/home/ubuntu/apm/ardupilot-mega/ArduPlane/test.pde:19:17: warning: 'int8_t test_airspeed(uint8_t, const Menu::arg*)' declared 'static' but never defined [-Wunused-function]
/home/ubuntu/apm/ardupilot-mega/ArduPlane/test.pde:20:17: warning: 'int8_t test_pressure(uint8_t, const Menu::arg*)' declared 'static' but never defined [-Wunused-function]
/home/ubuntu/apm/ardupilot-mega/ArduPlane/test.pde:21:17: warning: 'int8_t test_mag(uint8_t, const Menu::arg*)' declared 'static' but never defined [-Wunused-function]
/home/ubuntu/apm/ardupilot-mega/ArduPlane/test.pde:24:17: warning: 'int8_t test_rawgps(uint8_t, const Menu::arg*)' declared 'static' but never defined [-Wunused-function]
make: *** [/tmp/ArduPlane.build/ArduPlane.o] Error 1
